<?xml version="1.0" encoding="UTF-8"?>
<!-- Generated by org.testng.reporters.JUnitXMLReporter -->
<testsuite hostname="DESKTOP-7B2H7EG" ignored="2" name="Default test" tests="1" failures="1" timestamp="26 Aug 2019 11:35:10 GMT" time="22.72" errors="0">
  <testcase name="projectCreationByMobileVerifiedByAPI" time="12.676" classname="Assignments.Astro_MobileAutomation.TestMobileApi">
    <failure type="org.openqa.selenium.NoSuchElementException" message="An element could not be located on the page using the given search parameters.
For documentation on this error, please visit: https://www.seleniumhq.org/exceptions/no_such_element.html
Build info: version: &amp;apos;3.141.59&amp;apos;, revision: &amp;apos;e82be7d358&amp;apos;, time: &amp;apos;2018-11-14T08:17:03&amp;apos;
System info: host: &amp;apos;DESKTOP-7B2H7EG&amp;apos;, ip: &amp;apos;192.168.100.42&amp;apos;, os.name: &amp;apos;Windows 10&amp;apos;, os.arch: &amp;apos;amd64&amp;apos;, os.version: &amp;apos;10.0&amp;apos;, java.version: &amp;apos;1.8.0_191&amp;apos;
Driver info: io.appium.java_client.android.AndroidDriver
Capabilities {appActivity: com.todoist.activity.HomeAc..., appPackage: com.todoist, autoGrantPermissions : true, databaseEnabled: false, desired: {appActivity: com.todoist.activity.HomeAc..., appPackage: com.todoist, autoGrantPermissions : true, deviceName: 72fce89, disableAndroidWatchers: true, ignoreUnimportantViews: true, newCommandTimeout: 2400, noReset: true, platformName: android, skipDeviceInitialization: true, skipUnlock: true, systemPort: 8202, udid: 72fce89}, deviceManufacturer: OnePlus, deviceModel: ONEPLUS A6000, deviceName: 72fce89, deviceScreenSize: 1080x2280, deviceUDID: 72fce89, disableAndroidWatchers: true, ignoreUnimportantViews: true, javascriptEnabled: true, locationContextEnabled: false, networkConnectionEnabled: true, newCommandTimeout: 2400, noReset: true, platform: LINUX, platformName: Android, platformVersion: 9, skipDeviceInitialization: true, skipUnlock: true, systemPort: 8202, takesScreenshot: true, udid: 72fce89, warnings: {}, webStorageEnabled: false}
Session ID: f0ee3d6e-c3c3-4d91-adf9-20bd15851079
*** Element info: {Using=id, value=com.todoist:id/email_exists_input}">
      <![CDATA[org.openqa.selenium.NoSuchElementException: An element could not be located on the page using the given search parameters.
For documentation on this error, please visit: https://www.seleniumhq.org/exceptions/no_such_element.html
Build info: version: '3.141.59', revision: 'e82be7d358', time: '2018-11-14T08:17:03'
System info: host: 'DESKTOP-7B2H7EG', ip: '192.168.100.42', os.name: 'Windows 10', os.arch: 'amd64', os.version: '10.0', java.version: '1.8.0_191'
Driver info: io.appium.java_client.android.AndroidDriver
Capabilities {appActivity: com.todoist.activity.HomeAc..., appPackage: com.todoist, autoGrantPermissions : true, databaseEnabled: false, desired: {appActivity: com.todoist.activity.HomeAc..., appPackage: com.todoist, autoGrantPermissions : true, deviceName: 72fce89, disableAndroidWatchers: true, ignoreUnimportantViews: true, newCommandTimeout: 2400, noReset: true, platformName: android, skipDeviceInitialization: true, skipUnlock: true, systemPort: 8202, udid: 72fce89}, deviceManufacturer: OnePlus, deviceModel: ONEPLUS A6000, deviceName: 72fce89, deviceScreenSize: 1080x2280, deviceUDID: 72fce89, disableAndroidWatchers: true, ignoreUnimportantViews: true, javascriptEnabled: true, locationContextEnabled: false, networkConnectionEnabled: true, newCommandTimeout: 2400, noReset: true, platform: LINUX, platformName: Android, platformVersion: 9, skipDeviceInitialization: true, skipUnlock: true, systemPort: 8202, takesScreenshot: true, udid: 72fce89, warnings: {}, webStorageEnabled: false}
Session ID: f0ee3d6e-c3c3-4d91-adf9-20bd15851079
*** Element info: {Using=id, value=com.todoist:id/email_exists_input}
at sun.reflect.NativeConstructorAccessorImpl.newInstance0(Native Method)
at sun.reflect.NativeConstructorAccessorImpl.newInstance(NativeConstructorAccessorImpl.java:62)
at sun.reflect.DelegatingConstructorAccessorImpl.newInstance(DelegatingConstructorAccessorImpl.java:45)
at java.lang.reflect.Constructor.newInstance(Constructor.java:423)
at org.openqa.selenium.remote.http.W3CHttpResponseCodec.createException(W3CHttpResponseCodec.java:187)
at org.openqa.selenium.remote.http.W3CHttpResponseCodec.decode(W3CHttpResponseCodec.java:122)
at org.openqa.selenium.remote.http.W3CHttpResponseCodec.decode(W3CHttpResponseCodec.java:49)
at org.openqa.selenium.remote.HttpCommandExecutor.execute(HttpCommandExecutor.java:158)
at io.appium.java_client.remote.AppiumCommandExecutor.execute(AppiumCommandExecutor.java:239)
at org.openqa.selenium.remote.RemoteWebDriver.execute(RemoteWebDriver.java:548)
at io.appium.java_client.DefaultGenericMobileDriver.execute(DefaultGenericMobileDriver.java:41)
at io.appium.java_client.AppiumDriver.execute(AppiumDriver.java:1)
at io.appium.java_client.android.AndroidDriver.execute(AndroidDriver.java:1)
at org.openqa.selenium.remote.RemoteWebDriver.findElement(RemoteWebDriver.java:322)
at io.appium.java_client.DefaultGenericMobileDriver.findElement(DefaultGenericMobileDriver.java:61)
at io.appium.java_client.AppiumDriver.findElement(AppiumDriver.java:1)
at io.appium.java_client.android.AndroidDriver.findElement(AndroidDriver.java:1)
at org.openqa.selenium.remote.RemoteWebDriver.findElementById(RemoteWebDriver.java:368)
at io.appium.java_client.DefaultGenericMobileDriver.findElementById(DefaultGenericMobileDriver.java:69)
at io.appium.java_client.AppiumDriver.findElementById(AppiumDriver.java:1)
at io.appium.java_client.android.AndroidDriver.findElementById(AndroidDriver.java:1)
at org.openqa.selenium.By$ById.findElement(By.java:188)
at org.openqa.selenium.remote.RemoteWebDriver.findElement(RemoteWebDriver.java:314)
at io.appium.java_client.DefaultGenericMobileDriver.findElement(DefaultGenericMobileDriver.java:57)
at io.appium.java_client.AppiumDriver.findElement(AppiumDriver.java:1)
at io.appium.java_client.android.AndroidDriver.findElement(AndroidDriver.java:1)
at org.openqa.selenium.support.pagefactory.DefaultElementLocator.findElement(DefaultElementLocator.java:69)
at org.openqa.selenium.support.pagefactory.internal.LocatingElementHandler.invoke(LocatingElementHandler.java:38)
at com.sun.proxy.$Proxy9.sendKeys(Unknown Source)
at com.todoist.en.mobile.Mobile_LoginScreen.provideEmail(Mobile_LoginScreen.java:27)
at Assignments.Astro_MobileAutomation.TestMobileApi.projectCreationByMobileVerifiedByAPI(TestMobileApi.java:130)
at sun.reflect.NativeMethodAccessorImpl.invoke0(Native Method)
at sun.reflect.NativeMethodAccessorImpl.invoke(NativeMethodAccessorImpl.java:62)
at sun.reflect.DelegatingMethodAccessorImpl.invoke(DelegatingMethodAccessorImpl.java:43)
at java.lang.reflect.Method.invoke(Method.java:498)
at org.testng.internal.MethodInvocationHelper.invokeMethod(MethodInvocationHelper.java:124)
at org.testng.internal.Invoker.invokeMethod(Invoker.java:583)
at org.testng.internal.Invoker.invokeTestMethod(Invoker.java:719)
at org.testng.internal.Invoker.invokeTestMethods(Invoker.java:989)
at org.testng.internal.TestMethodWorker.invokeTestMethods(TestMethodWorker.java:125)
at org.testng.internal.TestMethodWorker.run(TestMethodWorker.java:109)
at org.testng.TestRunner.privateRun(TestRunner.java:648)
at org.testng.TestRunner.run(TestRunner.java:505)
at org.testng.SuiteRunner.runTest(SuiteRunner.java:455)
at org.testng.SuiteRunner.runSequentially(SuiteRunner.java:450)
at org.testng.SuiteRunner.privateRun(SuiteRunner.java:415)
at org.testng.SuiteRunner.run(SuiteRunner.java:364)
at org.testng.SuiteRunnerWorker.runSuite(SuiteRunnerWorker.java:52)
at org.testng.SuiteRunnerWorker.run(SuiteRunnerWorker.java:84)
at org.testng.TestNG.runSuitesSequentially(TestNG.java:1208)
at org.testng.TestNG.runSuitesLocally(TestNG.java:1137)
at org.testng.TestNG.runSuites(TestNG.java:1049)
at org.testng.TestNG.run(TestNG.java:1017)
at org.testng.remote.AbstractRemoteTestNG.run(AbstractRemoteTestNG.java:115)
at org.testng.remote.RemoteTestNG.initAndRun(RemoteTestNG.java:251)
at org.testng.remote.RemoteTestNG.main(RemoteTestNG.java:77)
]]>
    </failure>
  </testcase> <!-- projectCreationByMobileVerifiedByAPI -->
  <testcase name="projectCreationByAPI" time="0.0" classname="Assignments.Astro_MobileAutomation.TestMobileApi">
    <ignored/>
  </testcase> <!-- projectCreationByAPI -->
  <testcase name="projectCreationAndVerifyProjectinMobile" time="0.0" classname="Assignments.Astro_MobileAutomation.TestMobileApi">
    <ignored/>
  </testcase> <!-- projectCreationAndVerifyProjectinMobile -->
</testsuite> <!-- Default test -->
